<?xml version="1.0" encoding="UTF-8"?>
<testsuite xmlns:xsi="http://www.w3.org/2001/XMLSchema-instance" xsi:noNamespaceSchemaLocation="https://maven.apache.org/surefire/maven-surefire-plugin/xsd/surefire-test-report-3.0.xsd" version="3.0" name="com.epemilu.government.GovernmentApplicationTests" time="3.935" tests="1" errors="0" skipped="0" failures="0">
  <properties>
[...]
</properties>
  <testcase name="contextLoads" classname="com.epemilu.government.GovernmentApplicationTests" time="0.108">
    <system-out><![CDATA[19:00:01.118 [main] DEBUG org.springframework.test.context.BootstrapUtils - Instantiating CacheAwareContextLoaderDelegate from class [org.springframework.test.context.cache.DefaultCacheAwareContextLoaderDelegate]
19:00:01.126 [main] DEBUG org.springframework.test.context.BootstrapUtils - Instantiating BootstrapContext using constructor [public org.springframework.test.context.support.DefaultBootstrapContext(java.lang.Class,org.springframework.test.context.CacheAwareContextLoaderDelegate)]
19:00:01.152 [main] DEBUG org.springframework.test.context.BootstrapUtils - Instantiating TestContextBootstrapper for test class [com.epemilu.government.GovernmentApplicationTests] from class [org.springframework.boot.test.context.SpringBootTestContextBootstrapper]
19:00:01.159 [main] INFO org.springframework.boot.test.context.SpringBootTestContextBootstrapper - Neither @ContextConfiguration nor @ContextHierarchy found for test class [com.epemilu.government.GovernmentApplicationTests], using SpringBootContextLoader
19:00:01.161 [main] DEBUG org.springframework.test.context.support.AbstractContextLoader - Did not detect default resource location for test class [com.epemilu.government.GovernmentApplicationTests]: class path resource [com/epemilu/government/GovernmentApplicationTests-context.xml] does not exist
19:00:01.161 [main] DEBUG org.springframework.test.context.support.AbstractContextLoader - Did not detect default resource location for test class [com.epemilu.government.GovernmentApplicationTests]: class path resource [com/epemilu/government/GovernmentApplicationTestsContext.groovy] does not exist
19:00:01.161 [main] INFO org.springframework.test.context.support.AbstractContextLoader - Could not detect default resource locations for test class [com.epemilu.government.GovernmentApplicationTests]: no resource found for suffixes {-context.xml, Context.groovy}.
19:00:01.162 [main] INFO org.springframework.test.context.support.AnnotationConfigContextLoaderUtils - Could not detect default configuration classes for test class [com.epemilu.government.GovernmentApplicationTests]: GovernmentApplicationTests does not declare any static, non-private, non-final, nested classes annotated with @Configuration.
19:00:01.187 [main] DEBUG org.springframework.test.context.support.ActiveProfilesUtils - Could not find an 'annotation declaring class' for annotation type [org.springframework.test.context.ActiveProfiles] and class [com.epemilu.government.GovernmentApplicationTests]
19:00:01.235 [main] DEBUG org.springframework.context.annotation.ClassPathScanningCandidateComponentProvider - Identified candidate component class: file [D:\Training\Java\Day 12\government\target\classes\com\epemilu\government\GovernmentApplication.class]
19:00:01.242 [main] INFO org.springframework.boot.test.context.SpringBootTestContextBootstrapper - Found @SpringBootConfiguration com.epemilu.government.GovernmentApplication for test class com.epemilu.government.GovernmentApplicationTests
19:00:01.295 [main] DEBUG org.springframework.boot.test.context.SpringBootTestContextBootstrapper - @TestExecutionListeners is not present for class [com.epemilu.government.GovernmentApplicationTests]: using defaults.
19:00:01.295 [main] INFO org.springframework.boot.test.context.SpringBootTestContextBootstrapper - Loaded default TestExecutionListener class names from location [META-INF/spring.factories]: [org.springframework.boot.test.mock.mockito.MockitoTestExecutionListener, org.springframework.boot.test.mock.mockito.ResetMocksTestExecutionListener, org.springframework.boot.test.autoconfigure.restdocs.RestDocsTestExecutionListener, org.springframework.boot.test.autoconfigure.web.client.MockRestServiceServerResetTestExecutionListener, org.springframework.boot.test.autoconfigure.web.servlet.MockMvcPrintOnlyOnFailureTestExecutionListener, org.springframework.boot.test.autoconfigure.web.servlet.WebDriverTestExecutionListener, org.springframework.boot.test.autoconfigure.webservices.client.MockWebServiceServerTestExecutionListener, org.springframework.test.context.web.ServletTestExecutionListener, org.springframework.test.context.support.DirtiesContextBeforeModesTestExecutionListener, org.springframework.test.context.event.ApplicationEventsTestExecutionListener, org.springframework.test.context.support.DependencyInjectionTestExecutionListener, org.springframework.test.context.support.DirtiesContextTestExecutionListener, org.springframework.test.context.transaction.TransactionalTestExecutionListener, org.springframework.test.context.jdbc.SqlScriptsTestExecutionListener, org.springframework.test.context.event.EventPublishingTestExecutionListener]
19:00:01.306 [main] INFO org.springframework.boot.test.context.SpringBootTestContextBootstrapper - Using TestExecutionListeners: [org.springframework.test.context.web.ServletTestExecutionListener@79179359, org.springframework.test.context.support.DirtiesContextBeforeModesTestExecutionListener@dbd8e44, org.springframework.test.context.event.ApplicationEventsTestExecutionListener@51acdf2e, org.springframework.boot.test.mock.mockito.MockitoTestExecutionListener@6a55299e, org.springframework.boot.test.autoconfigure.SpringBootDependencyInjectionTestExecutionListener@2f1de2d6, org.springframework.test.context.support.DirtiesContextTestExecutionListener@4eb386df, org.springframework.test.context.transaction.TransactionalTestExecutionListener@79517588, org.springframework.test.context.jdbc.SqlScriptsTestExecutionListener@3a0baae5, org.springframework.test.context.event.EventPublishingTestExecutionListener@7ac0e420, org.springframework.boot.test.mock.mockito.ResetMocksTestExecutionListener@289710d9, org.springframework.boot.test.autoconfigure.restdocs.RestDocsTestExecutionListener@5a18cd76, org.springframework.boot.test.autoconfigure.web.client.MockRestServiceServerResetTestExecutionListener@3da30852, org.springframework.boot.test.autoconfigure.web.servlet.MockMvcPrintOnlyOnFailureTestExecutionListener@403f0a22, org.springframework.boot.test.autoconfigure.web.servlet.WebDriverTestExecutionListener@503ecb24, org.springframework.boot.test.autoconfigure.webservices.client.MockWebServiceServerTestExecutionListener@4c51cf28]
19:00:01.307 [main] DEBUG org.springframework.test.context.support.AbstractDirtiesContextTestExecutionListener - Before test class: context [DefaultTestContext@4b14918a testClass = GovernmentApplicationTests, testInstance = [null], testMethod = [null], testException = [null], mergedContextConfiguration = [WebMergedContextConfiguration@6d1ef78d testClass = GovernmentApplicationTests, locations = '{}', classes = '{class com.epemilu.government.GovernmentApplication}', contextInitializerClasses = '[]', activeProfiles = '{}', propertySourceLocations = '{}', propertySourceProperties = '{org.springframework.boot.test.context.SpringBootTestContextBootstrapper=true}', contextCustomizers = set[org.springframework.boot.test.context.filter.ExcludeFilterContextCustomizer@1530c739, org.springframework.boot.test.json.DuplicateJsonObjectContextCustomizerFactory$DuplicateJsonObjectContextCustomizer@15bb5034, org.springframework.boot.test.mock.mockito.MockitoContextCustomizer@0, org.springframework.boot.test.web.client.TestRestTemplateContextCustomizer@58cbafc2, org.springframework.boot.test.autoconfigure.actuate.metrics.MetricsExportContextCustomizerFactory$DisableMetricExportContextCustomizer@5149d738, org.springframework.boot.test.autoconfigure.properties.PropertyMappingContextCustomizer@0, org.springframework.boot.test.autoconfigure.web.servlet.WebDriverContextCustomizerFactory$Customizer@606e4010, org.springframework.boot.test.context.SpringBootTestArgs@1, org.springframework.boot.test.context.SpringBootTestWebEnvironment@5e955596], resourceBasePath = 'src/main/webapp', contextLoader = 'org.springframework.boot.test.context.SpringBootContextLoader', parent = [null]], attributes = map['org.springframework.test.context.web.ServletTestExecutionListener.activateListener' -> true]], class annotated with @DirtiesContext [false] with mode [null].

  .   ____          _            __ _ _
 /\\ / ___'_ __ _ _(_)_ __  __ _ \ \ \ \
( ( )\___ | '_ | '_| | '_ \/ _` | \ \ \ \
 \\/  ___)| |_)| | | | | || (_| |  ) ) ) )
  '  |____| .__|_| |_|_| |_\__, | / / / /
 =========|_|==============|___/=/_/_/_/
 :: Spring Boot ::                (v2.7.2)

2022-07-29 19:00:01.505  INFO 25580 --- [           main] c.e.g.GovernmentApplicationTests         : Starting GovernmentApplicationTests using Java 18.0.2 on JalaluddinAF with PID 25580 (started by sufin in D:\Training\Java\Day 12\government)
2022-07-29 19:00:01.506  INFO 25580 --- [           main] c.e.g.GovernmentApplicationTests         : No active profile set, falling back to 1 default profile: "default"
2022-07-29 19:00:02.089  INFO 25580 --- [           main] .s.d.r.c.RepositoryConfigurationDelegate : Bootstrapping Spring Data JPA repositories in DEFAULT mode.
2022-07-29 19:00:02.124  INFO 25580 --- [           main] .s.d.r.c.RepositoryConfigurationDelegate : Finished Spring Data repository scanning in 30 ms. Found 1 JPA repository interfaces.
2022-07-29 19:00:02.543  INFO 25580 --- [           main] o.hibernate.jpa.internal.util.LogHelper  : HHH000204: Processing PersistenceUnitInfo [name: default]
2022-07-29 19:00:02.583  INFO 25580 --- [           main] org.hibernate.Version                    : HHH000412: Hibernate ORM core version 5.6.10.Final
2022-07-29 19:00:02.695  INFO 25580 --- [           main] o.hibernate.annotations.common.Version   : HCANN000001: Hibernate Commons Annotations {5.1.2.Final}
2022-07-29 19:00:02.835  INFO 25580 --- [           main] com.zaxxer.hikari.HikariDataSource       : HikariPool-1 - Starting...
2022-07-29 19:00:03.118  INFO 25580 --- [           main] com.zaxxer.hikari.HikariDataSource       : HikariPool-1 - Start completed.
2022-07-29 19:00:03.128  INFO 25580 --- [           main] org.hibernate.dialect.Dialect            : HHH000400: Using dialect: org.hibernate.dialect.MySQL5InnoDBDialect
2022-07-29 19:00:03.547  INFO 25580 --- [           main] o.h.e.t.j.p.i.JtaPlatformInitiator       : HHH000490: Using JtaPlatform implementation: [org.hibernate.engine.transaction.jta.platform.internal.NoJtaPlatform]
2022-07-29 19:00:03.552  INFO 25580 --- [           main] j.LocalContainerEntityManagerFactoryBean : Initialized JPA EntityManagerFactory for persistence unit 'default'
2022-07-29 19:00:04.066  WARN 25580 --- [           main] JpaBaseConfiguration$JpaWebConfiguration : spring.jpa.open-in-view is enabled by default. Therefore, database queries may be performed during view rendering. Explicitly configure spring.jpa.open-in-view to disable this warning
2022-07-29 19:00:04.892  INFO 25580 --- [           main] c.e.g.GovernmentApplicationTests         : Started GovernmentApplicationTests in 3.56 seconds (JVM running for 4.204)
]]></system-out>
  </testcase>
</testsuite>